c:\users\naoki\documents\visual studio 2017\projects\自己研鑽\moneyviewer\moneyviewer\moneyviewer\debug\moneyviewer.pch
c:\users\naoki\documents\visual studio 2017\projects\自己研鑽\moneyviewer\moneyviewer\moneyviewer\debug\vc141.pdb
c:\users\naoki\documents\visual studio 2017\projects\自己研鑽\moneyviewer\moneyviewer\moneyviewer\debug\vc141.idb
c:\users\naoki\documents\visual studio 2017\projects\自己研鑽\moneyviewer\moneyviewer\moneyviewer\debug\pch.obj
c:\users\naoki\documents\visual studio 2017\projects\自己研鑽\moneyviewer\moneyviewer\moneyviewer\debug\idataobject.obj
c:\users\naoki\documents\visual studio 2017\projects\自己研鑽\moneyviewer\moneyviewer\moneyviewer\debug\csvrow.obj
c:\users\naoki\documents\visual studio 2017\projects\自己研鑽\moneyviewer\moneyviewer\moneyviewer\debug\moneyviewer.obj
c:\users\naoki\documents\visual studio 2017\projects\自己研鑽\moneyviewer\moneyviewer\moneyviewer\debug\iaccesser.obj
c:\users\naoki\documents\visual studio 2017\projects\自己研鑽\moneyviewer\moneyviewer\moneyviewer\debug\iworker.obj
c:\users\naoki\documents\visual studio 2017\projects\自己研鑽\moneyviewer\moneyviewer\moneyviewer\debug\irepository.obj
c:\users\naoki\documents\visual studio 2017\projects\自己研鑽\moneyviewer\moneyviewer\moneyviewer\debug\fujifilmrepository.obj
c:\users\naoki\documents\visual studio 2017\projects\自己研鑽\moneyviewer\moneyviewer\moneyviewer\debug\ffdata.obj
c:\users\naoki\documents\visual studio 2017\projects\自己研鑽\moneyviewer\moneyviewer\moneyviewer\debug\csvaccesser.obj
c:\users\naoki\documents\visual studio 2017\projects\自己研鑽\moneyviewer\moneyviewer\moneyviewer\debug\csvreader.obj
c:\users\naoki\documents\visual studio 2017\projects\自己研鑽\moneyviewer\moneyviewer\moneyviewer\debug\csvdataobject.obj
c:\users\naoki\documents\visual studio 2017\projects\自己研鑽\moneyviewer\moneyviewer\moneyviewer\debug\controller.obj
c:\users\naoki\documents\visual studio 2017\projects\自己研鑽\moneyviewer\moneyviewer\moneyviewer\debug\consoleviewer.obj
c:\users\naoki\documents\visual studio 2017\projects\自己研鑽\moneyviewer\moneyviewer\moneyviewer\debug\calculater.obj
c:\users\naoki\documents\visual studio 2017\projects\自己研鑽\moneyviewer\moneyviewer\moneyviewer\debug\fujifilmworker.obj
c:\users\naoki\documents\visual studio 2017\projects\自己研鑽\moneyviewer\moneyviewer\debug\moneyviewer.exe
c:\users\naoki\documents\visual studio 2017\projects\自己研鑽\moneyviewer\moneyviewer\debug\moneyviewer.ilk
c:\users\naoki\documents\visual studio 2017\projects\自己研鑽\moneyviewer\moneyviewer\debug\moneyviewer.pdb
c:\users\naoki\documents\visual studio 2017\projects\自己研鑽\moneyviewer\moneyviewer\moneyviewer\debug\consoleviewer.obj.enc
c:\users\naoki\documents\visual studio 2017\projects\自己研鑽\moneyviewer\moneyviewer\moneyviewer\debug\csvaccesser.obj.enc
c:\users\naoki\documents\visual studio 2017\projects\自己研鑽\moneyviewer\moneyviewer\moneyviewer\debug\csvdataobject.obj.enc
c:\users\naoki\documents\visual studio 2017\projects\自己研鑽\moneyviewer\moneyviewer\moneyviewer\debug\moneyviewer.obj.enc
c:\users\naoki\documents\visual studio 2017\projects\自己研鑽\moneyviewer\moneyviewer\moneyviewer\debug\moneyviewer.tlog\cl.command.1.tlog
c:\users\naoki\documents\visual studio 2017\projects\自己研鑽\moneyviewer\moneyviewer\moneyviewer\debug\moneyviewer.tlog\cl.read.1.tlog
c:\users\naoki\documents\visual studio 2017\projects\自己研鑽\moneyviewer\moneyviewer\moneyviewer\debug\moneyviewer.tlog\cl.write.1.tlog
c:\users\naoki\documents\visual studio 2017\projects\自己研鑽\moneyviewer\moneyviewer\moneyviewer\debug\moneyviewer.tlog\link.command.1.tlog
c:\users\naoki\documents\visual studio 2017\projects\自己研鑽\moneyviewer\moneyviewer\moneyviewer\debug\moneyviewer.tlog\link.read.1.tlog
c:\users\naoki\documents\visual studio 2017\projects\自己研鑽\moneyviewer\moneyviewer\moneyviewer\debug\moneyviewer.tlog\link.write.1.tlog
